src/app/api/tenant/documents/route.ts(7,30): error TS7016: Could not find a declaration file for module 'uuid'. 'C:/Users/hadri/Desktop/cagebox_test/locataire-2-confiance/node_modules/uuid/dist/esm-browser/index.js' implicitly has an 'any' type.
  Try `npm i --save-dev @types/uuid` if it exists or add a new declaration (.d.ts) file containing `declare module 'uuid';`
src/components/dashboard/forms/income-step.tsx(11,31): error TS2353: Object literal may only specify known properties, and 'invalid_type_error' does not exist in type '{ error?: string | $ZodErrorMap<$ZodIssueInvalidType<unknown>> | undefined; message?: string | undefined; }'.
src/components/tenant/download-dossier-btn.tsx(15,46): error TS2345: Argument of type '{ firstName: string; lastName: string; phone: string; situation: "CDI" | "CDD" | "STUDENT" | "FREELANCE" | "RETIRED" | "UNEMPLOYED"; monthlyIncome: number; guarantorType: "OTHER" | "NONE" | "PHYSICAL" | "VISALE"; }' is not assignable to parameter of type '{ id: string; userId: string; firstName: string; lastName: string; phone: string | null; situation: Situation; monthlyIncome: number; guarantorType: GuarantorType; isDossierFacileCertified: boolean; dossierFacileUrl: string | null; profileCompletionScore: number; } & { ...; }'.
  Type '{ firstName: string; lastName: string; phone: string; situation: "CDI" | "CDD" | "STUDENT" | "FREELANCE" | "RETIRED" | "UNEMPLOYED"; monthlyIncome: number; guarantorType: "OTHER" | "NONE" | "PHYSICAL" | "VISALE"; }' is missing the following properties from type '{ id: string; userId: string; firstName: string; lastName: string; phone: string | null; situation: Situation; monthlyIncome: number; guarantorType: GuarantorType; isDossierFacileCertified: boolean; dossierFacileUrl: string | null; profileCompletionScore: number; }': id, userId, isDossierFacileCertified, dossierFacileUrl, profileCompletionScore
src/components/tenant/profile-form.tsx(20,9): error TS2322: Type 'Resolver<{ firstName: string; lastName: string; phone: string; situation: "CDI" | "CDD" | "STUDENT" | "FREELANCE" | "RETIRED" | "UNEMPLOYED"; monthlyIncome: unknown; guarantorType: "OTHER" | "NONE" | "PHYSICAL" | "VISALE"; }, any, { ...; }>' is not assignable to type 'Resolver<{ firstName: string; lastName: string; phone: string; situation: "CDI" | "CDD" | "STUDENT" | "FREELANCE" | "RETIRED" | "UNEMPLOYED"; monthlyIncome: number; guarantorType: "OTHER" | "NONE" | "PHYSICAL" | "VISALE"; }, any, { ...; }>'.
  Types of parameters 'options' and 'options' are incompatible.
    Type 'ResolverOptions<{ firstName: string; lastName: string; phone: string; situation: "CDI" | "CDD" | "STUDENT" | "FREELANCE" | "RETIRED" | "UNEMPLOYED"; monthlyIncome: number; guarantorType: "OTHER" | "NONE" | "PHYSICAL" | "VISALE"; }>' is not assignable to type 'ResolverOptions<{ firstName: string; lastName: string; phone: string; situation: "CDI" | "CDD" | "STUDENT" | "FREELANCE" | "RETIRED" | "UNEMPLOYED"; monthlyIncome: unknown; guarantorType: "OTHER" | "NONE" | "PHYSICAL" | "VISALE"; }>'.
      Type 'unknown' is not assignable to type 'number'.
src/components/tenant/profile-form.tsx(53,43): error TS2345: Argument of type '(data: { firstName: string; lastName: string; phone: string; situation: "CDI" | "CDD" | "STUDENT" | "FREELANCE" | "RETIRED" | "UNEMPLOYED"; monthlyIncome: number; guarantorType: "OTHER" | "NONE" | "PHYSICAL" | "VISALE"; }) => Promise<...>' is not assignable to parameter of type 'SubmitHandler<TFieldValues>'.
  Types of parameters 'data' and 'data' are incompatible.
    Type 'TFieldValues' is not assignable to type '{ firstName: string; lastName: string; phone: string; situation: "CDI" | "CDD" | "STUDENT" | "FREELANCE" | "RETIRED" | "UNEMPLOYED"; monthlyIncome: number; guarantorType: "OTHER" | "NONE" | "PHYSICAL" | "VISALE"; }'.
      Type 'FieldValues' is missing the following properties from type '{ firstName: string; lastName: string; phone: string; situation: "CDI" | "CDD" | "STUDENT" | "FREELANCE" | "RETIRED" | "UNEMPLOYED"; monthlyIncome: number; guarantorType: "OTHER" | "NONE" | "PHYSICAL" | "VISALE"; }': firstName, lastName, phone, situation, and 2 more.
src/lib/stripe.ts(4,5): error TS2322: Type '"2023-10-16"' is not assignable to type '"2025-12-15.clover"'.
src/lib/validations/tenant.ts(7,18): error TS2769: No overload matches this call.
  Overload 1 of 2, '(values: readonly ["CDI", "CDD", "STUDENT", "FREELANCE", "RETIRED", "UNEMPLOYED"], params?: string | { error?: string | $ZodErrorMap<$ZodIssueInvalidValue<unknown>> | undefined; message?: string | undefined; } | undefined): ZodEnum<...>', gave the following error.
    Object literal may only specify known properties, and 'required_error' does not exist in type '{ error?: string | $ZodErrorMap<$ZodIssueInvalidValue<unknown>> | undefined; message?: string | undefined; }'.
  Overload 2 of 2, '(entries: Readonly<Record<string, EnumValue>>, params?: string | { error?: string | $ZodErrorMap<$ZodIssueInvalidValue<unknown>> | undefined; message?: string | undefined; } | undefined): ZodEnum<...>', gave the following error.
    Argument of type 'readonly ["CDI", "CDD", "STUDENT", "FREELANCE", "RETIRED", "UNEMPLOYED"]' is not assignable to parameter of type 'Readonly<Record<string, EnumValue>>'.
      Index signature for type 'string' is missing in type 'readonly ["CDI", "CDD", "STUDENT", "FREELANCE", "RETIRED", "UNEMPLOYED"]'.
src/lib/validations/tenant.ts(11,22): error TS2769: No overload matches this call.
  Overload 1 of 2, '(values: readonly ["NONE", "PHYSICAL", "VISALE", "OTHER"], params?: string | { error?: string | $ZodErrorMap<$ZodIssueInvalidValue<unknown>> | undefined; message?: string | undefined; } | undefined): ZodEnum<...>', gave the following error.
    Object literal may only specify known properties, and 'required_error' does not exist in type '{ error?: string | $ZodErrorMap<$ZodIssueInvalidValue<unknown>> | undefined; message?: string | undefined; }'.
  Overload 2 of 2, '(entries: Readonly<Record<string, EnumValue>>, params?: string | { error?: string | $ZodErrorMap<$ZodIssueInvalidValue<unknown>> | undefined; message?: string | undefined; } | undefined): ZodEnum<...>', gave the following error.
    Argument of type 'readonly ["NONE", "PHYSICAL", "VISALE", "OTHER"]' is not assignable to parameter of type 'Readonly<Record<string, EnumValue>>'.
      Index signature for type 'string' is missing in type 'readonly ["NONE", "PHYSICAL", "VISALE", "OTHER"]'.
